<?xml version="1.0" encoding="UTF-8"?>
<!-- Generated by org.testng.reporters.JUnitReportReporter -->
<testsuite hostname="LAPTOP-TT3IEQ8V" failures="0" tests="4" name="com.TestCases.TestCases" time="52.488" errors="0" timestamp="2021-06-04T17:32:33 IST" skipped="0">
  <testcase classname="com.TestCases.TestCases" name="TC_01_ProductName_AscendingSort" time="21.484"/>
  <system-out/>
  <testcase classname="com.TestCases.TestCases" name="TC_02_ProductName_DescendingSort" time="9.852"/>
  <system-out/>
  <testcase classname="com.TestCases.TestCases" name="TC_03_ProductPrice_AscendingSort" time="12.009"/>
  <system-out/>
  <testcase classname="com.TestCases.TestCases" name="TC_04_ProductPrice_DescendingSort" time="9.143"/>
  <system-out/>
</testsuite> <!-- com.TestCases.TestCases -->
